# JRE version: OpenJDK Runtime Environment Temurin-17.0.10+7 (17.0.10+7) (build 17.0.10+7)
# Java VM: OpenJDK 64-Bit Server VM Temurin-17.0.10+7 (17.0.10+7, mixed mode, tiered, compressed oops, compressed class ptrs, parallel gc, windows-amd64)
GC Precious Log:
 CPUs: 12 total, 12 available
 Memory: 16085M
 Large Page Support: Disabled
 NUMA Support: Disabled
 Compressed Oops: Enabled (32-bit)
 Alignments: Space 512K, Generation 512K, Heap 2M
 Heap Min Capacity: 100M
 Heap Initial Capacity: 100M
 Heap Max Capacity: 1G
 Pre-touch: Disabled
 Parallel Workers: 10
Heap:
 PSYoungGen      total 32256K, used 13462K [0x00000000eab00000, 0x00000000ed780000, 0x0000000100000000)
  eden space 20480K, 9% used [0x00000000eab00000,0x00000000eacfdb48,0x00000000ebf00000)
  from space 11776K, 97% used [0x00000000ebf00000,0x00000000eca28000,0x00000000eca80000)
  to   space 11776K, 0% used [0x00000000ecc00000,0x00000000ecc00000,0x00000000ed780000)
 ParOldGen       total 341504K, used 280394K [0x00000000c0000000, 0x00000000d4d80000, 0x00000000eab00000)
  object space 341504K, 82% used [0x00000000c0000000,0x00000000d11d28a8,0x00000000d4d80000)
 Metaspace       used 83772K, committed 85248K, reserved 1179648K
  class space    used 8857K, committed 9472K, reserved 1048576K
GC Heap History (20 events):
Event: 28.775 GC heap before
{Heap before GC invocations=316 (full 15):
 PSYoungGen      total 31232K, used 31052K [0x00000000eab00000, 0x00000000ed780000, 0x0000000100000000)
  eden space 19968K, 100% used [0x00000000eab00000,0x00000000ebe80000,0x00000000ebe80000)
  from space 11264K, 98% used [0x00000000ecc80000,0x00000000ed753018,0x00000000ed780000)
  to   space 12288K, 0% used [0x00000000ebf80000,0x00000000ebf80000,0x00000000ecb80000)
 ParOldGen       total 392192K, used 372707K [0x00000000c0000000, 0x00000000d7f00000, 0x00000000eab00000)
  object space 392192K, 95% used [0x00000000c0000000,0x00000000d6bf8e38,0x00000000d7f00000)
 Metaspace       used 83746K, committed 85184K, reserved 1179648K
  class space    used 8853K, committed 9472K, reserved 1048576K
}
Event: 28.779 GC heap after
{Heap after GC invocations=316 (full 15):
 PSYoungGen      total 32256K, used 12268K [0x00000000eab00000, 0x00000000eda80000, 0x0000000100000000)
  eden space 19968K, 0% used [0x00000000eab00000,0x00000000eab00000,0x00000000ebe80000)
  from space 12288K, 99% used [0x00000000ebf80000,0x00000000ecb7b018,0x00000000ecb80000)
  to   space 14336K, 0% used [0x00000000ecc80000,0x00000000ecc80000,0x00000000eda80000)
 ParOldGen       total 392192K, used 374219K [0x00000000c0000000, 0x00000000d7f00000, 0x00000000eab00000)
  object space 392192K, 95% used [0x00000000c0000000,0x00000000d6d72e38,0x00000000d7f00000)
 Metaspace       used 83746K, committed 85184K, reserved 1179648K
  class space    used 8853K, committed 9472K, reserved 1048576K
}
Event: 28.837 GC heap before
{Heap before GC invocations=317 (full 15):
 PSYoungGen      total 32256K, used 32236K [0x00000000eab00000, 0x00000000eda80000, 0x0000000100000000)
  eden space 19968K, 100% used [0x00000000eab00000,0x00000000ebe80000,0x00000000ebe80000)
  from space 12288K, 99% used [0x00000000ebf80000,0x00000000ecb7b018,0x00000000ecb80000)
  to   space 14336K, 0% used [0x00000000ecc80000,0x00000000ecc80000,0x00000000eda80000)
 ParOldGen       total 392192K, used 374219K [0x00000000c0000000, 0x00000000d7f00000, 0x00000000eab00000)
  object space 392192K, 95% used [0x00000000c0000000,0x00000000d6d72e38,0x00000000d7f00000)
 Metaspace       used 83746K, committed 85184K, reserved 1179648K
  class space    used 8853K, committed 9472K, reserved 1048576K
}
Event: 28.842 GC heap after
{Heap after GC invocations=317 (full 15):
 PSYoungGen      total 30720K, used 10304K [0x00000000eab00000, 0x00000000ed700000, 0x0000000100000000)
  eden space 19968K, 0% used [0x00000000eab00000,0x00000000eab00000,0x00000000ebe80000)
  from space 10752K, 95% used [0x00000000ecc80000,0x00000000ed690000,0x00000000ed700000)
  to   space 11776K, 0% used [0x00000000ec000000,0x00000000ec000000,0x00000000ecb80000)
 ParOldGen       total 392192K, used 379271K [0x00000000c0000000, 0x00000000d7f00000, 0x00000000eab00000)
  object space 392192K, 96% used [0x00000000c0000000,0x00000000d7261e50,0x00000000d7f00000)
 Metaspace       used 83746K, committed 85184K, reserved 1179648K
  class space    used 8853K, committed 9472K, reserved 1048576K
}
Event: 28.935 GC heap before
{Heap before GC invocations=318 (full 15):
 PSYoungGen      total 30720K, used 30272K [0x00000000eab00000, 0x00000000ed700000, 0x0000000100000000)
  eden space 19968K, 100% used [0x00000000eab00000,0x00000000ebe80000,0x00000000ebe80000)
  from space 10752K, 95% used [0x00000000ecc80000,0x00000000ed690000,0x00000000ed700000)
  to   space 11776K, 0% used [0x00000000ec000000,0x00000000ec000000,0x00000000ecb80000)
 ParOldGen       total 392192K, used 379271K [0x00000000c0000000, 0x00000000d7f00000, 0x00000000eab00000)
  object space 392192K, 96% used [0x00000000c0000000,0x00000000d7261e50,0x00000000d7f00000)
 Metaspace       used 83746K, committed 85184K, reserved 1179648K
  class space    used 8853K, committed 9472K, reserved 1048576K
}
Event: 28.942 GC heap after
{Heap after GC invocations=318 (full 15):
 PSYoungGen      total 31744K, used 11744K [0x00000000eab00000, 0x00000000edd80000, 0x0000000100000000)
  eden space 19968K, 0% used [0x00000000eab00000,0x00000000eab00000,0x00000000ebe80000)
  from space 11776K, 99% used [0x00000000ec000000,0x00000000ecb78008,0x00000000ecb80000)
  to   space 15872K, 0% used [0x00000000ece00000,0x00000000ece00000,0x00000000edd80000)
 ParOldGen       total 392192K, used 382408K [0x00000000c0000000, 0x00000000d7f00000, 0x00000000eab00000)
  object space 392192K, 97% used [0x00000000c0000000,0x00000000d7572260,0x00000000d7f00000)
 Metaspace       used 83746K, committed 85184K, reserved 1179648K
  class space    used 8853K, committed 9472K, reserved 1048576K
}
Event: 28.999 GC heap before
{Heap before GC invocations=319 (full 15):
 PSYoungGen      total 31744K, used 31712K [0x00000000eab00000, 0x00000000edd80000, 0x0000000100000000)
  eden space 19968K, 100% used [0x00000000eab00000,0x00000000ebe80000,0x00000000ebe80000)
  from space 11776K, 99% used [0x00000000ec000000,0x00000000ecb78008,0x00000000ecb80000)
  to   space 15872K, 0% used [0x00000000ece00000,0x00000000ece00000,0x00000000edd80000)
 ParOldGen       total 392192K, used 382408K [0x00000000c0000000, 0x00000000d7f00000, 0x00000000eab00000)
  object space 392192K, 97% used [0x00000000c0000000,0x00000000d7572260,0x00000000d7f00000)
 Metaspace       used 83748K, committed 85184K, reserved 1179648K
  class space    used 8853K, committed 9472K, reserved 1048576K
}
Event: 29.007 GC heap after
{Heap after GC invocations=319 (full 15):
 PSYoungGen      total 31744K, used 11520K [0x00000000eab00000, 0x00000000ed980000, 0x0000000100000000)
  eden space 19968K, 0% used [0x00000000eab00000,0x00000000eab00000,0x00000000ebe80000)
  from space 11776K, 97% used [0x00000000ece00000,0x00000000ed940008,0x00000000ed980000)
  to   space 12800K, 0% used [0x00000000ec080000,0x00000000ec080000,0x00000000ecd00000)
 ParOldGen       total 392192K, used 385864K [0x00000000c0000000, 0x00000000d7f00000, 0x00000000eab00000)
  object space 392192K, 98% used [0x00000000c0000000,0x00000000d78d2260,0x00000000d7f00000)
 Metaspace       used 83748K, committed 85184K, reserved 1179648K
  class space    used 8853K, committed 9472K, reserved 1048576K
}
Event: 29.062 GC heap before
{Heap before GC invocations=320 (full 15):
 PSYoungGen      total 31744K, used 31488K [0x00000000eab00000, 0x00000000ed980000, 0x0000000100000000)
  eden space 19968K, 100% used [0x00000000eab00000,0x00000000ebe80000,0x00000000ebe80000)
  from space 11776K, 97% used [0x00000000ece00000,0x00000000ed940008,0x00000000ed980000)
  to   space 12800K, 0% used [0x00000000ec080000,0x00000000ec080000,0x00000000ecd00000)
 ParOldGen       total 392192K, used 385864K [0x00000000c0000000, 0x00000000d7f00000, 0x00000000eab00000)
  object space 392192K, 98% used [0x00000000c0000000,0x00000000d78d2260,0x00000000d7f00000)
 Metaspace       used 83748K, committed 85184K, reserved 1179648K
  class space    used 8853K, committed 9472K, reserved 1048576K
}
Event: 29.068 GC heap after
{Heap after GC invocations=320 (full 15):
 PSYoungGen      total 32768K, used 12792K [0x00000000eab00000, 0x00000000edc80000, 0x0000000100000000)
  eden space 19968K, 0% used [0x00000000eab00000,0x00000000eab00000,0x00000000ebe80000)
  from space 12800K, 99% used [0x00000000ec080000,0x00000000eccfe018,0x00000000ecd00000)
  to   space 15360K, 0% used [0x00000000ecd80000,0x00000000ecd80000,0x00000000edc80000)
 ParOldGen       total 392192K, used 387776K [0x00000000c0000000, 0x00000000d7f00000, 0x00000000eab00000)
  object space 392192K, 98% used [0x00000000c0000000,0x00000000d7ab0260,0x00000000d7f00000)
 Metaspace       used 83748K, committed 85184K, reserved 1179648K
  class space    used 8853K, committed 9472K, reserved 1048576K
}
Event: 29.120 GC heap before
{Heap before GC invocations=321 (full 15):
 PSYoungGen      total 32768K, used 32760K [0x00000000eab00000, 0x00000000edc80000, 0x0000000100000000)
  eden space 19968K, 100% used [0x00000000eab00000,0x00000000ebe80000,0x00000000ebe80000)
  from space 12800K, 99% used [0x00000000ec080000,0x00000000eccfe018,0x00000000ecd00000)
  to   space 15360K, 0% used [0x00000000ecd80000,0x00000000ecd80000,0x00000000edc80000)
 ParOldGen       total 392192K, used 387776K [0x00000000c0000000, 0x00000000d7f00000, 0x00000000eab00000)
  object space 392192K, 98% used [0x00000000c0000000,0x00000000d7ab0260,0x00000000d7f00000)
 Metaspace       used 83755K, committed 85184K, reserved 1179648K
  class space    used 8853K, committed 9472K, reserved 1048576K
}
Event: 29.127 GC heap after
{Heap after GC invocations=321 (full 15):
 PSYoungGen      total 32256K, used 12152K [0x00000000eab00000, 0x00000000ed980000, 0x0000000100000000)
  eden space 19968K, 0% used [0x00000000eab00000,0x00000000eab00000,0x00000000ebe80000)
  from space 12288K, 98% used [0x00000000ecd80000,0x00000000ed95e018,0x00000000ed980000)
  to   space 13312K, 0% used [0x00000000ebf80000,0x00000000ebf80000,0x00000000ecc80000)
 ParOldGen       total 392192K, used 391640K [0x00000000c0000000, 0x00000000d7f00000, 0x00000000eab00000)
  object space 392192K, 99% used [0x00000000c0000000,0x00000000d7e76260,0x00000000d7f00000)
 Metaspace       used 83755K, committed 85184K, reserved 1179648K
  class space    used 8853K, committed 9472K, reserved 1048576K
}
Event: 29.127 GC heap before
{Heap before GC invocations=322 (full 16):
 PSYoungGen      total 32256K, used 12152K [0x00000000eab00000, 0x00000000ed980000, 0x0000000100000000)
  eden space 19968K, 0% used [0x00000000eab00000,0x00000000eab00000,0x00000000ebe80000)
  from space 12288K, 98% used [0x00000000ecd80000,0x00000000ed95e018,0x00000000ed980000)
  to   space 13312K, 0% used [0x00000000ebf80000,0x00000000ebf80000,0x00000000ecc80000)
 ParOldGen       total 392192K, used 391640K [0x00000000c0000000, 0x00000000d7f00000, 0x00000000eab00000)
  object space 392192K, 99% used [0x00000000c0000000,0x00000000d7e76260,0x00000000d7f00000)
 Metaspace       used 83755K, committed 85184K, reserved 1179648K
  class space    used 8853K, committed 9472K, reserved 1048576K
}
Event: 29.249 GC heap after
{Heap after GC invocations=322 (full 16):
 PSYoungGen      total 34304K, used 0K [0x00000000eab00000, 0x00000000eda80000, 0x0000000100000000)
  eden space 20992K, 0% used [0x00000000eab00000,0x00000000eab00000,0x00000000ebf80000)
  from space 13312K, 0% used [0x00000000ebf80000,0x00000000ebf80000,0x00000000ecc80000)
  to   space 13312K, 0% used [0x00000000ecd80000,0x00000000ecd80000,0x00000000eda80000)
 ParOldGen       total 341504K, used 277906K [0x00000000c0000000, 0x00000000d4d80000, 0x00000000eab00000)
  object space 341504K, 81% used [0x00000000c0000000,0x00000000d0f648a8,0x00000000d4d80000)
 Metaspace       used 83755K, committed 85184K, reserved 1179648K
  class space    used 8853K, committed 9472K, reserved 1048576K
}
Event: 29.309 GC heap before
{Heap before GC invocations=323 (full 16):
 PSYoungGen      total 34304K, used 20992K [0x00000000eab00000, 0x00000000eda80000, 0x0000000100000000)
  eden space 20992K, 100% used [0x00000000eab00000,0x00000000ebf80000,0x00000000ebf80000)
  from space 13312K, 0% used [0x00000000ebf80000,0x00000000ebf80000,0x00000000ecc80000)
  to   space 13312K, 0% used [0x00000000ecd80000,0x00000000ecd80000,0x00000000eda80000)
 ParOldGen       total 341504K, used 277906K [0x00000000c0000000, 0x00000000d4d80000, 0x00000000eab00000)
  object space 341504K, 81% used [0x00000000c0000000,0x00000000d0f648a8,0x00000000d4d80000)
 Metaspace       used 83772K, committed 85248K, reserved 1179648K
  class space    used 8857K, committed 9472K, reserved 1048576K
}
Event: 29.313 GC heap after
{Heap after GC invocations=323 (full 16):
 PSYoungGen      total 26112K, used 3584K [0x00000000eab00000, 0x00000000ed100000, 0x0000000100000000)
  eden space 22528K, 0% used [0x00000000eab00000,0x00000000eab00000,0x00000000ec100000)
  from space 3584K, 100% used [0x00000000ecd80000,0x00000000ed100000,0x00000000ed100000)
  to   space 7168K, 0% used [0x00000000ec300000,0x00000000ec300000,0x00000000eca00000)
 ParOldGen       total 341504K, used 277906K [0x00000000c0000000, 0x00000000d4d80000, 0x00000000eab00000)
  object space 341504K, 81% used [0x00000000c0000000,0x00000000d0f648a8,0x00000000d4d80000)
 Metaspace       used 83772K, committed 85248K, reserved 1179648K
  class space    used 8857K, committed 9472K, reserved 1048576K
}
Event: 29.389 GC heap before
{Heap before GC invocations=324 (full 16):
 PSYoungGen      total 26112K, used 26112K [0x00000000eab00000, 0x00000000ed100000, 0x0000000100000000)
  eden space 22528K, 100% used [0x00000000eab00000,0x00000000ec100000,0x00000000ec100000)
  from space 3584K, 100% used [0x00000000ecd80000,0x00000000ed100000,0x00000000ed100000)
  to   space 7168K, 0% used [0x00000000ec300000,0x00000000ec300000,0x00000000eca00000)
 ParOldGen       total 341504K, used 277906K [0x00000000c0000000, 0x00000000d4d80000, 0x00000000eab00000)
  object space 341504K, 81% used [0x00000000c0000000,0x00000000d0f648a8,0x00000000d4d80000)
 Metaspace       used 83772K, committed 85248K, reserved 1179648K
  class space    used 8857K, committed 9472K, reserved 1048576K
}
Event: 29.393 GC heap after
{Heap after GC invocations=324 (full 16):
 PSYoungGen      total 31232K, used 7136K [0x00000000eab00000, 0x00000000ed280000, 0x0000000100000000)
  eden space 24064K, 0% used [0x00000000eab00000,0x00000000eab00000,0x00000000ec280000)
  from space 7168K, 99% used [0x00000000ec300000,0x00000000ec9f8000,0x00000000eca00000)
  to   space 8192K, 0% used [0x00000000eca80000,0x00000000eca80000,0x00000000ed280000)
 ParOldGen       total 341504K, used 277906K [0x00000000c0000000, 0x00000000d4d80000, 0x00000000eab00000)
  object space 341504K, 81% used [0x00000000c0000000,0x00000000d0f648a8,0x00000000d4d80000)
 Metaspace       used 83772K, committed 85248K, reserved 1179648K
  class space    used 8857K, committed 9472K, reserved 1048576K
}
Event: 29.467 GC heap before
{Heap before GC invocations=325 (full 16):
 PSYoungGen      total 31232K, used 31200K [0x00000000eab00000, 0x00000000ed280000, 0x0000000100000000)
  eden space 24064K, 100% used [0x00000000eab00000,0x00000000ec280000,0x00000000ec280000)
  from space 7168K, 99% used [0x00000000ec300000,0x00000000ec9f8000,0x00000000eca00000)
  to   space 8192K, 0% used [0x00000000eca80000,0x00000000eca80000,0x00000000ed280000)
 ParOldGen       total 341504K, used 277906K [0x00000000c0000000, 0x00000000d4d80000, 0x00000000eab00000)
  object space 341504K, 81% used [0x00000000c0000000,0x00000000d0f648a8,0x00000000d4d80000)
 Metaspace       used 83772K, committed 85248K, reserved 1179648K
  class space    used 8857K, committed 9472K, reserved 1048576K
}
Event: 29.471 GC heap after
{Heap after GC invocations=325 (full 16):
 PSYoungGen      total 28672K, used 8192K [0x00000000eab00000, 0x00000000edb80000, 0x0000000100000000)
  eden space 20480K, 0% used [0x00000000eab00000,0x00000000eab00000,0x00000000ebf00000)
  from space 8192K, 100% used [0x00000000eca80000,0x00000000ed280000,0x00000000ed280000)
  to   space 11776K, 0% used [0x00000000ebf00000,0x00000000ebf00000,0x00000000eca80000)
 ParOldGen       total 341504K, used 280394K [0x00000000c0000000, 0x00000000d4d80000, 0x00000000eab00000)
  object space 341504K, 82% used [0x00000000c0000000,0x00000000d11d28a8,0x00000000d4d80000)
 Metaspace       used 83772K, committed 85248K, reserved 1179648K
  class space    used 8857K, committed 9472K, reserved 1048576K
}

